{"D:\\0009 AIT\\MASE\\Thesis Project\\adopt-pet\\pets\\src\\app.js": {"path":"D:\\0009 AIT\\MASE\\Thesis Project\\adopt-pet\\pets\\src\\app.js","statementMap":{"0":{"start":{"line":1,"column":16},"end":{"line":1,"column":34}},"1":{"start":{"line":2,"column":13},"end":{"line":2,"column":28}},"2":{"start":{"line":3,"column":18},"end":{"line":3,"column":47}},"3":{"start":{"line":4,"column":21},"end":{"line":4,"column":45}},"4":{"start":{"line":5,"column":18},"end":{"line":5,"column":47}},"5":{"start":{"line":6,"column":23},"end":{"line":21,"column":1}},"6":{"start":{"line":23,"column":20},"end":{"line":23,"column":48}},"7":{"start":{"line":25,"column":12},"end":{"line":25,"column":21}},"8":{"start":{"line":27,"column":0},"end":{"line":27,"column":16}},"9":{"start":{"line":28,"column":0},"end":{"line":28,"column":24}},"10":{"start":{"line":29,"column":0},"end":{"line":29,"column":19}},"11":{"start":{"line":30,"column":0},"end":{"line":30,"column":47}},"12":{"start":{"line":31,"column":0},"end":{"line":31,"column":87}},"13":{"start":{"line":34,"column":0},"end":{"line":37,"column":3}},"14":{"start":{"line":35,"column":4},"end":{"line":35,"column":67}},"15":{"start":{"line":36,"column":4},"end":{"line":36,"column":17}},"16":{"start":{"line":39,"column":0},"end":{"line":39,"column":21}}},"fnMap":{"0":{"name":"(anonymous_0)","decl":{"start":{"line":34,"column":20},"end":{"line":34,"column":21}},"loc":{"start":{"line":34,"column":34},"end":{"line":37,"column":1}},"line":34}},"branchMap":{},"s":{"0":4,"1":4,"2":4,"3":4,"4":4,"5":4,"6":4,"7":4,"8":4,"9":4,"10":4,"11":4,"12":4,"13":4,"14":0,"15":0,"16":4},"f":{"0":0},"b":{},"_coverageSchema":"1a1c01bbd47fc00a2c39e90264f33305004495a9","hash":"fce21b364415f97117e9923b83c557049716d950"}
,"D:\\0009 AIT\\MASE\\Thesis Project\\adopt-pet\\pets\\src\\middleware\\validator.js": {"path":"D:\\0009 AIT\\MASE\\Thesis Project\\adopt-pet\\pets\\src\\middleware\\validator.js","statementMap":{"0":{"start":{"line":1,"column":35},"end":{"line":1,"column":63}},"1":{"start":{"line":2,"column":27},"end":{"line":20,"column":1}},"2":{"start":{"line":3,"column":2},"end":{"line":19,"column":3}},"3":{"start":{"line":22,"column":17},"end":{"line":28,"column":1}},"4":{"start":{"line":23,"column":17},"end":{"line":23,"column":38}},"5":{"start":{"line":24,"column":2},"end":{"line":26,"column":3}},"6":{"start":{"line":25,"column":6},"end":{"line":25,"column":20}},"7":{"start":{"line":27,"column":2},"end":{"line":27,"column":58}},"8":{"start":{"line":30,"column":0},"end":{"line":33,"column":1}}},"fnMap":{"0":{"name":"(anonymous_0)","decl":{"start":{"line":2,"column":27},"end":{"line":2,"column":28}},"loc":{"start":{"line":2,"column":33},"end":{"line":20,"column":1}},"line":2},"1":{"name":"(anonymous_1)","decl":{"start":{"line":22,"column":17},"end":{"line":22,"column":18}},"loc":{"start":{"line":22,"column":37},"end":{"line":28,"column":1}},"line":22}},"branchMap":{"0":{"loc":{"start":{"line":24,"column":2},"end":{"line":26,"column":3}},"type":"if","locations":[{"start":{"line":24,"column":2},"end":{"line":26,"column":3}},{"start":{"line":24,"column":2},"end":{"line":26,"column":3}}],"line":24}},"s":{"0":4,"1":4,"2":8,"3":4,"4":11,"5":11,"6":6,"7":5,"8":4},"f":{"0":8,"1":11},"b":{"0":[6,5]},"_coverageSchema":"1a1c01bbd47fc00a2c39e90264f33305004495a9","hash":"31cc130feed50fbc737612d3c2ed5a9ccdc19c18"}
,"D:\\0009 AIT\\MASE\\Thesis Project\\adopt-pet\\pets\\src\\models\\pet.model.js": {"path":"D:\\0009 AIT\\MASE\\Thesis Project\\adopt-pet\\pets\\src\\models\\pet.model.js","statementMap":{"0":{"start":{"line":39,"column":17},"end":{"line":39,"column":36}},"1":{"start":{"line":41,"column":15},"end":{"line":44,"column":2}},"2":{"start":{"line":46,"column":18},"end":{"line":54,"column":2}},"3":{"start":{"line":56,"column":12},"end":{"line":56,"column":44}},"4":{"start":{"line":58,"column":0},"end":{"line":58,"column":21}}},"fnMap":{},"branchMap":{},"s":{"0":4,"1":4,"2":4,"3":4,"4":4},"f":{},"b":{},"_coverageSchema":"1a1c01bbd47fc00a2c39e90264f33305004495a9","hash":"62cff9999bfd44f320788a6076124ba9ed52eb2a"}
,"D:\\0009 AIT\\MASE\\Thesis Project\\adopt-pet\\pets\\src\\routes\\routes.js": {"path":"D:\\0009 AIT\\MASE\\Thesis Project\\adopt-pet\\pets\\src\\routes\\routes.js","statementMap":{"0":{"start":{"line":1,"column":14},"end":{"line":1,"column":30}},"1":{"start":{"line":2,"column":15},"end":{"line":2,"column":42}},"2":{"start":{"line":3,"column":10},"end":{"line":3,"column":40}},"3":{"start":{"line":4,"column":41},"end":{"line":4,"column":78}},"4":{"start":{"line":5,"column":16},"end":{"line":5,"column":33}},"5":{"start":{"line":7,"column":16},"end":{"line":14,"column":2}},"6":{"start":{"line":9,"column":8},"end":{"line":9,"column":31}},"7":{"start":{"line":12,"column":8},"end":{"line":12,"column":55}},"8":{"start":{"line":16,"column":19},"end":{"line":25,"column":1}},"9":{"start":{"line":18,"column":4},"end":{"line":20,"column":5}},"10":{"start":{"line":19,"column":8},"end":{"line":19,"column":23}},"11":{"start":{"line":27,"column":15},"end":{"line":30,"column":2}},"12":{"start":{"line":57,"column":0},"end":{"line":61,"column":3}},"13":{"start":{"line":58,"column":4},"end":{"line":60,"column":61}},"14":{"start":{"line":59,"column":22},"end":{"line":59,"column":36}},"15":{"start":{"line":60,"column":22},"end":{"line":60,"column":59}},"16":{"start":{"line":64,"column":0},"end":{"line":68,"column":3}},"17":{"start":{"line":65,"column":4},"end":{"line":67,"column":61}},"18":{"start":{"line":66,"column":21},"end":{"line":66,"column":46}},"19":{"start":{"line":67,"column":22},"end":{"line":67,"column":59}},"20":{"start":{"line":71,"column":0},"end":{"line":108,"column":3}},"21":{"start":{"line":76,"column":19},"end":{"line":84,"column":6}},"22":{"start":{"line":85,"column":4},"end":{"line":102,"column":61}},"23":{"start":{"line":87,"column":12},"end":{"line":96,"column":13}},"24":{"start":{"line":89,"column":16},"end":{"line":95,"column":19}},"25":{"start":{"line":97,"column":12},"end":{"line":100,"column":15}},"26":{"start":{"line":102,"column":22},"end":{"line":102,"column":59}},"27":{"start":{"line":111,"column":0},"end":{"line":141,"column":3}},"28":{"start":{"line":113,"column":19},"end":{"line":121,"column":6}},"29":{"start":{"line":123,"column":4},"end":{"line":125,"column":5}},"30":{"start":{"line":124,"column":8},"end":{"line":124,"column":37}},"31":{"start":{"line":126,"column":4},"end":{"line":140,"column":61}},"32":{"start":{"line":129,"column":12},"end":{"line":134,"column":13}},"33":{"start":{"line":130,"column":16},"end":{"line":133,"column":18}},"34":{"start":{"line":135,"column":12},"end":{"line":138,"column":14}},"35":{"start":{"line":140,"column":22},"end":{"line":140,"column":59}},"36":{"start":{"line":144,"column":0},"end":{"line":168,"column":3}},"37":{"start":{"line":145,"column":4},"end":{"line":167,"column":61}},"38":{"start":{"line":148,"column":12},"end":{"line":165,"column":13}},"39":{"start":{"line":149,"column":16},"end":{"line":149,"column":55}},"40":{"start":{"line":152,"column":16},"end":{"line":152,"column":63}},"41":{"start":{"line":154,"column":16},"end":{"line":164,"column":17}},"42":{"start":{"line":156,"column":20},"end":{"line":163,"column":75}},"43":{"start":{"line":163,"column":32},"end":{"line":163,"column":73}},"44":{"start":{"line":167,"column":22},"end":{"line":167,"column":59}},"45":{"start":{"line":171,"column":0},"end":{"line":183,"column":3}},"46":{"start":{"line":173,"column":14},"end":{"line":173,"column":27}},"47":{"start":{"line":174,"column":20},"end":{"line":174,"column":34}},"48":{"start":{"line":175,"column":4},"end":{"line":175,"column":27}},"49":{"start":{"line":177,"column":4},"end":{"line":182,"column":61}},"50":{"start":{"line":179,"column":12},"end":{"line":179,"column":51}},"51":{"start":{"line":180,"column":12},"end":{"line":180,"column":60}},"52":{"start":{"line":182,"column":22},"end":{"line":182,"column":59}},"53":{"start":{"line":186,"column":0},"end":{"line":189,"column":3}},"54":{"start":{"line":187,"column":4},"end":{"line":187,"column":67}},"55":{"start":{"line":188,"column":4},"end":{"line":188,"column":32}},"56":{"start":{"line":191,"column":0},"end":{"line":191,"column":24}}},"fnMap":{"0":{"name":"(anonymous_0)","decl":{"start":{"line":8,"column":17},"end":{"line":8,"column":18}},"loc":{"start":{"line":8,"column":36},"end":{"line":10,"column":5}},"line":8},"1":{"name":"(anonymous_1)","decl":{"start":{"line":11,"column":14},"end":{"line":11,"column":15}},"loc":{"start":{"line":11,"column":33},"end":{"line":13,"column":5}},"line":11},"2":{"name":"(anonymous_2)","decl":{"start":{"line":16,"column":19},"end":{"line":16,"column":20}},"loc":{"start":{"line":16,"column":38},"end":{"line":25,"column":1}},"line":16},"3":{"name":"(anonymous_3)","decl":{"start":{"line":57,"column":26},"end":{"line":57,"column":27}},"loc":{"start":{"line":57,"column":40},"end":{"line":61,"column":1}},"line":57},"4":{"name":"(anonymous_4)","decl":{"start":{"line":59,"column":14},"end":{"line":59,"column":15}},"loc":{"start":{"line":59,"column":22},"end":{"line":59,"column":36}},"line":59},"5":{"name":"(anonymous_5)","decl":{"start":{"line":60,"column":15},"end":{"line":60,"column":16}},"loc":{"start":{"line":60,"column":22},"end":{"line":60,"column":59}},"line":60},"6":{"name":"(anonymous_6)","decl":{"start":{"line":64,"column":30},"end":{"line":64,"column":31}},"loc":{"start":{"line":64,"column":44},"end":{"line":68,"column":1}},"line":64},"7":{"name":"(anonymous_7)","decl":{"start":{"line":66,"column":14},"end":{"line":66,"column":15}},"loc":{"start":{"line":66,"column":21},"end":{"line":66,"column":46}},"line":66},"8":{"name":"(anonymous_8)","decl":{"start":{"line":67,"column":15},"end":{"line":67,"column":16}},"loc":{"start":{"line":67,"column":22},"end":{"line":67,"column":59}},"line":67},"9":{"name":"(anonymous_9)","decl":{"start":{"line":71,"column":95},"end":{"line":71,"column":96}},"loc":{"start":{"line":71,"column":109},"end":{"line":108,"column":1}},"line":71},"10":{"name":"(anonymous_10)","decl":{"start":{"line":86,"column":14},"end":{"line":86,"column":15}},"loc":{"start":{"line":86,"column":20},"end":{"line":101,"column":9}},"line":86},"11":{"name":"(anonymous_11)","decl":{"start":{"line":102,"column":15},"end":{"line":102,"column":16}},"loc":{"start":{"line":102,"column":22},"end":{"line":102,"column":59}},"line":102},"12":{"name":"(anonymous_12)","decl":{"start":{"line":111,"column":108},"end":{"line":111,"column":109}},"loc":{"start":{"line":111,"column":122},"end":{"line":141,"column":1}},"line":111},"13":{"name":"(anonymous_13)","decl":{"start":{"line":127,"column":14},"end":{"line":127,"column":15}},"loc":{"start":{"line":127,"column":26},"end":{"line":139,"column":9}},"line":127},"14":{"name":"(anonymous_14)","decl":{"start":{"line":140,"column":15},"end":{"line":140,"column":16}},"loc":{"start":{"line":140,"column":22},"end":{"line":140,"column":59}},"line":140},"15":{"name":"(anonymous_15)","decl":{"start":{"line":144,"column":54},"end":{"line":144,"column":55}},"loc":{"start":{"line":144,"column":68},"end":{"line":168,"column":1}},"line":144},"16":{"name":"(anonymous_16)","decl":{"start":{"line":146,"column":14},"end":{"line":146,"column":15}},"loc":{"start":{"line":146,"column":30},"end":{"line":166,"column":9}},"line":146},"17":{"name":"(anonymous_17)","decl":{"start":{"line":163,"column":26},"end":{"line":163,"column":27}},"loc":{"start":{"line":163,"column":32},"end":{"line":163,"column":73}},"line":163},"18":{"name":"(anonymous_18)","decl":{"start":{"line":167,"column":15},"end":{"line":167,"column":16}},"loc":{"start":{"line":167,"column":22},"end":{"line":167,"column":59}},"line":167},"19":{"name":"(anonymous_19)","decl":{"start":{"line":171,"column":46},"end":{"line":171,"column":47}},"loc":{"start":{"line":171,"column":60},"end":{"line":183,"column":1}},"line":171},"20":{"name":"(anonymous_20)","decl":{"start":{"line":178,"column":14},"end":{"line":178,"column":15}},"loc":{"start":{"line":178,"column":26},"end":{"line":181,"column":9}},"line":178},"21":{"name":"(anonymous_21)","decl":{"start":{"line":182,"column":15},"end":{"line":182,"column":16}},"loc":{"start":{"line":182,"column":22},"end":{"line":182,"column":59}},"line":182},"22":{"name":"(anonymous_22)","decl":{"start":{"line":186,"column":29},"end":{"line":186,"column":30}},"loc":{"start":{"line":186,"column":43},"end":{"line":189,"column":1}},"line":186}},"branchMap":{"0":{"loc":{"start":{"line":18,"column":4},"end":{"line":20,"column":5}},"type":"if","locations":[{"start":{"line":18,"column":4},"end":{"line":20,"column":5}},{"start":{"line":18,"column":4},"end":{"line":20,"column":5}}],"line":18},"1":{"loc":{"start":{"line":18,"column":8},"end":{"line":18,"column":101}},"type":"binary-expr","locations":[{"start":{"line":18,"column":8},"end":{"line":18,"column":36}},{"start":{"line":18,"column":40},"end":{"line":18,"column":68}},{"start":{"line":18,"column":72},"end":{"line":18,"column":101}}],"line":18},"2":{"loc":{"start":{"line":87,"column":12},"end":{"line":96,"column":13}},"type":"if","locations":[{"start":{"line":87,"column":12},"end":{"line":96,"column":13}},{"start":{"line":87,"column":12},"end":{"line":96,"column":13}}],"line":87},"3":{"loc":{"start":{"line":123,"column":4},"end":{"line":125,"column":5}},"type":"if","locations":[{"start":{"line":123,"column":4},"end":{"line":125,"column":5}},{"start":{"line":123,"column":4},"end":{"line":125,"column":5}}],"line":123},"4":{"loc":{"start":{"line":129,"column":12},"end":{"line":134,"column":13}},"type":"if","locations":[{"start":{"line":129,"column":12},"end":{"line":134,"column":13}},{"start":{"line":129,"column":12},"end":{"line":134,"column":13}}],"line":129},"5":{"loc":{"start":{"line":148,"column":12},"end":{"line":165,"column":13}},"type":"if","locations":[{"start":{"line":148,"column":12},"end":{"line":165,"column":13}},{"start":{"line":148,"column":12},"end":{"line":165,"column":13}}],"line":148},"6":{"loc":{"start":{"line":154,"column":16},"end":{"line":164,"column":17}},"type":"if","locations":[{"start":{"line":154,"column":16},"end":{"line":164,"column":17}},{"start":{"line":154,"column":16},"end":{"line":164,"column":17}}],"line":154}},"s":{"0":4,"1":4,"2":4,"3":4,"4":4,"5":4,"6":2,"7":2,"8":4,"9":2,"10":2,"11":4,"12":4,"13":1,"14":1,"15":0,"16":4,"17":2,"18":1,"19":1,"20":4,"21":5,"22":2,"23":2,"24":0,"25":2,"26":0,"27":4,"28":1,"29":1,"30":0,"31":1,"32":0,"33":0,"34":0,"35":1,"36":4,"37":2,"38":1,"39":1,"40":0,"41":0,"42":0,"43":0,"44":1,"45":4,"46":0,"47":0,"48":0,"49":0,"50":0,"51":0,"52":0,"53":4,"54":0,"55":0,"56":4},"f":{"0":2,"1":2,"2":2,"3":1,"4":1,"5":0,"6":2,"7":1,"8":1,"9":5,"10":2,"11":0,"12":1,"13":0,"14":1,"15":2,"16":1,"17":0,"18":1,"19":0,"20":0,"21":0,"22":0},"b":{"0":[2,0],"1":[2,0,0],"2":[0,2],"3":[0,1],"4":[0,0],"5":[1,0],"6":[0,0]},"_coverageSchema":"1a1c01bbd47fc00a2c39e90264f33305004495a9","hash":"350ec1ad2bcc0685290faeedaae9ee599fe7a60e"}
}
