TN:
SF:src\app.js
FN:34,(anonymous_0)
FNF:1
FNH:0
FNDA:0,(anonymous_0)
DA:1,4
DA:2,4
DA:3,4
DA:4,4
DA:5,4
DA:6,4
DA:23,4
DA:25,4
DA:27,4
DA:28,4
DA:29,4
DA:30,4
DA:31,4
DA:34,4
DA:35,0
DA:36,0
DA:39,4
LF:17
LH:15
BRF:0
BRH:0
end_of_record
TN:
SF:src\middleware\validator.js
FN:2,(anonymous_0)
FN:22,(anonymous_1)
FNF:2
FNH:2
FNDA:8,(anonymous_0)
FNDA:11,(anonymous_1)
DA:1,4
DA:2,4
DA:3,8
DA:22,4
DA:23,11
DA:24,11
DA:25,6
DA:27,5
DA:30,4
LF:9
LH:9
BRDA:24,0,0,6
BRDA:24,0,1,5
BRF:2
BRH:2
end_of_record
TN:
SF:src\models\pet.model.js
FNF:0
FNH:0
DA:39,4
DA:41,4
DA:46,4
DA:56,4
DA:58,4
LF:5
LH:5
BRF:0
BRH:0
end_of_record
TN:
SF:src\routes\routes.js
FN:8,(anonymous_0)
FN:11,(anonymous_1)
FN:16,(anonymous_2)
FN:57,(anonymous_3)
FN:59,(anonymous_4)
FN:60,(anonymous_5)
FN:64,(anonymous_6)
FN:66,(anonymous_7)
FN:67,(anonymous_8)
FN:71,(anonymous_9)
FN:86,(anonymous_10)
FN:102,(anonymous_11)
FN:111,(anonymous_12)
FN:127,(anonymous_13)
FN:140,(anonymous_14)
FN:144,(anonymous_15)
FN:146,(anonymous_16)
FN:163,(anonymous_17)
FN:167,(anonymous_18)
FN:171,(anonymous_19)
FN:178,(anonymous_20)
FN:182,(anonymous_21)
FN:186,(anonymous_22)
FNF:23
FNH:15
FNDA:2,(anonymous_0)
FNDA:2,(anonymous_1)
FNDA:2,(anonymous_2)
FNDA:1,(anonymous_3)
FNDA:1,(anonymous_4)
FNDA:0,(anonymous_5)
FNDA:2,(anonymous_6)
FNDA:1,(anonymous_7)
FNDA:1,(anonymous_8)
FNDA:5,(anonymous_9)
FNDA:2,(anonymous_10)
FNDA:0,(anonymous_11)
FNDA:1,(anonymous_12)
FNDA:0,(anonymous_13)
FNDA:1,(anonymous_14)
FNDA:2,(anonymous_15)
FNDA:1,(anonymous_16)
FNDA:0,(anonymous_17)
FNDA:1,(anonymous_18)
FNDA:0,(anonymous_19)
FNDA:0,(anonymous_20)
FNDA:0,(anonymous_21)
FNDA:0,(anonymous_22)
DA:1,4
DA:2,4
DA:3,4
DA:4,4
DA:5,4
DA:7,4
DA:9,2
DA:12,2
DA:16,4
DA:18,2
DA:19,2
DA:27,4
DA:57,4
DA:58,1
DA:59,1
DA:60,0
DA:64,4
DA:65,2
DA:66,1
DA:67,1
DA:71,4
DA:76,5
DA:85,2
DA:87,2
DA:89,0
DA:97,2
DA:102,0
DA:111,4
DA:113,1
DA:123,1
DA:124,0
DA:126,1
DA:129,0
DA:130,0
DA:135,0
DA:140,1
DA:144,4
DA:145,2
DA:148,1
DA:149,1
DA:152,0
DA:154,0
DA:156,0
DA:163,0
DA:167,1
DA:171,4
DA:173,0
DA:174,0
DA:175,0
DA:177,0
DA:179,0
DA:180,0
DA:182,0
DA:186,4
DA:187,0
DA:188,0
DA:191,4
LF:57
LH:37
BRDA:18,0,0,2
BRDA:18,0,1,0
BRDA:18,1,0,2
BRDA:18,1,1,0
BRDA:18,1,2,0
BRDA:87,2,0,0
BRDA:87,2,1,2
BRDA:123,3,0,0
BRDA:123,3,1,1
BRDA:129,4,0,0
BRDA:129,4,1,0
BRDA:148,5,0,1
BRDA:148,5,1,0
BRDA:154,6,0,0
BRDA:154,6,1,0
BRF:15
BRH:5
end_of_record
