{"D:\\0009 AIT\\MASE\\Thesis Project\\adopt-pet\\owners\\src\\app.js": {"path":"D:\\0009 AIT\\MASE\\Thesis Project\\adopt-pet\\owners\\src\\app.js","statementMap":{"0":{"start":{"line":1,"column":16},"end":{"line":1,"column":34}},"1":{"start":{"line":2,"column":13},"end":{"line":2,"column":28}},"2":{"start":{"line":3,"column":20},"end":{"line":3,"column":49}},"3":{"start":{"line":4,"column":21},"end":{"line":4,"column":45}},"4":{"start":{"line":5,"column":18},"end":{"line":5,"column":47}},"5":{"start":{"line":6,"column":23},"end":{"line":21,"column":1}},"6":{"start":{"line":23,"column":20},"end":{"line":23,"column":48}},"7":{"start":{"line":25,"column":12},"end":{"line":25,"column":21}},"8":{"start":{"line":27,"column":0},"end":{"line":27,"column":16}},"9":{"start":{"line":28,"column":0},"end":{"line":28,"column":24}},"10":{"start":{"line":29,"column":0},"end":{"line":29,"column":32}},"11":{"start":{"line":30,"column":0},"end":{"line":30,"column":89}},"12":{"start":{"line":33,"column":0},"end":{"line":36,"column":3}},"13":{"start":{"line":34,"column":4},"end":{"line":34,"column":69}},"14":{"start":{"line":35,"column":4},"end":{"line":35,"column":17}},"15":{"start":{"line":38,"column":0},"end":{"line":38,"column":21}}},"fnMap":{"0":{"name":"(anonymous_0)","decl":{"start":{"line":33,"column":20},"end":{"line":33,"column":21}},"loc":{"start":{"line":33,"column":34},"end":{"line":36,"column":1}},"line":33}},"branchMap":{},"s":{"0":4,"1":4,"2":4,"3":4,"4":4,"5":4,"6":4,"7":4,"8":4,"9":4,"10":4,"11":4,"12":4,"13":0,"14":0,"15":4},"f":{"0":0},"b":{},"_coverageSchema":"1a1c01bbd47fc00a2c39e90264f33305004495a9","hash":"fff0c373e7b041952d8032439660e7c93bddf523"}
,"D:\\0009 AIT\\MASE\\Thesis Project\\adopt-pet\\owners\\src\\middleware\\validator.js": {"path":"D:\\0009 AIT\\MASE\\Thesis Project\\adopt-pet\\owners\\src\\middleware\\validator.js","statementMap":{"0":{"start":{"line":1,"column":35},"end":{"line":1,"column":63}},"1":{"start":{"line":2,"column":29},"end":{"line":20,"column":1}},"2":{"start":{"line":3,"column":2},"end":{"line":19,"column":3}},"3":{"start":{"line":22,"column":17},"end":{"line":30,"column":1}},"4":{"start":{"line":23,"column":17},"end":{"line":23,"column":38}},"5":{"start":{"line":24,"column":2},"end":{"line":26,"column":3}},"6":{"start":{"line":25,"column":6},"end":{"line":25,"column":20}},"7":{"start":{"line":27,"column":2},"end":{"line":29,"column":5}},"8":{"start":{"line":32,"column":0},"end":{"line":35,"column":1}}},"fnMap":{"0":{"name":"(anonymous_0)","decl":{"start":{"line":2,"column":29},"end":{"line":2,"column":30}},"loc":{"start":{"line":2,"column":35},"end":{"line":20,"column":1}},"line":2},"1":{"name":"(anonymous_1)","decl":{"start":{"line":22,"column":17},"end":{"line":22,"column":18}},"loc":{"start":{"line":22,"column":37},"end":{"line":30,"column":1}},"line":22}},"branchMap":{"0":{"loc":{"start":{"line":24,"column":2},"end":{"line":26,"column":3}},"type":"if","locations":[{"start":{"line":24,"column":2},"end":{"line":26,"column":3}},{"start":{"line":24,"column":2},"end":{"line":26,"column":3}}],"line":24}},"s":{"0":4,"1":4,"2":8,"3":4,"4":13,"5":13,"6":9,"7":4,"8":4},"f":{"0":8,"1":13},"b":{"0":[9,4]},"_coverageSchema":"1a1c01bbd47fc00a2c39e90264f33305004495a9","hash":"675a5857dba19f1a44be943703ba0d37d0fe260c"}
,"D:\\0009 AIT\\MASE\\Thesis Project\\adopt-pet\\owners\\src\\models\\owner.model.js": {"path":"D:\\0009 AIT\\MASE\\Thesis Project\\adopt-pet\\owners\\src\\models\\owner.model.js","statementMap":{"0":{"start":{"line":34,"column":17},"end":{"line":34,"column":36}},"1":{"start":{"line":36,"column":20},"end":{"line":42,"column":2}},"2":{"start":{"line":44,"column":14},"end":{"line":44,"column":50}},"3":{"start":{"line":46,"column":0},"end":{"line":46,"column":23}}},"fnMap":{},"branchMap":{},"s":{"0":4,"1":4,"2":4,"3":4},"f":{},"b":{},"_coverageSchema":"1a1c01bbd47fc00a2c39e90264f33305004495a9","hash":"a981c5490c6254bc16508c294067b5b881d0b413"}
,"D:\\0009 AIT\\MASE\\Thesis Project\\adopt-pet\\owners\\src\\routes\\routes.js": {"path":"D:\\0009 AIT\\MASE\\Thesis Project\\adopt-pet\\owners\\src\\routes\\routes.js","statementMap":{"0":{"start":{"line":1,"column":14},"end":{"line":1,"column":30}},"1":{"start":{"line":2,"column":15},"end":{"line":2,"column":42}},"2":{"start":{"line":3,"column":12},"end":{"line":3,"column":44}},"3":{"start":{"line":4,"column":43},"end":{"line":4,"column":80}},"4":{"start":{"line":32,"column":0},"end":{"line":36,"column":3}},"5":{"start":{"line":33,"column":4},"end":{"line":35,"column":61}},"6":{"start":{"line":34,"column":24},"end":{"line":34,"column":40}},"7":{"start":{"line":35,"column":22},"end":{"line":35,"column":59}},"8":{"start":{"line":63,"column":0},"end":{"line":67,"column":3}},"9":{"start":{"line":64,"column":4},"end":{"line":66,"column":61}},"10":{"start":{"line":65,"column":23},"end":{"line":65,"column":50}},"11":{"start":{"line":66,"column":22},"end":{"line":66,"column":59}},"12":{"start":{"line":97,"column":0},"end":{"line":134,"column":3}},"13":{"start":{"line":101,"column":4},"end":{"line":132,"column":61}},"14":{"start":{"line":104,"column":12},"end":{"line":104,"column":59}},"15":{"start":{"line":106,"column":12},"end":{"line":108,"column":13}},"16":{"start":{"line":107,"column":16},"end":{"line":107,"column":90}},"17":{"start":{"line":110,"column":29},"end":{"line":116,"column":14}},"18":{"start":{"line":117,"column":12},"end":{"line":130,"column":69}},"19":{"start":{"line":121,"column":20},"end":{"line":124,"column":23}},"20":{"start":{"line":125,"column":20},"end":{"line":128,"column":23}},"21":{"start":{"line":130,"column":30},"end":{"line":130,"column":67}},"22":{"start":{"line":132,"column":22},"end":{"line":132,"column":59}},"23":{"start":{"line":173,"column":0},"end":{"line":205,"column":3}},"24":{"start":{"line":175,"column":21},"end":{"line":182,"column":6}},"25":{"start":{"line":184,"column":4},"end":{"line":203,"column":76}},"26":{"start":{"line":189,"column":12},"end":{"line":192,"column":14}},"27":{"start":{"line":194,"column":16},"end":{"line":197,"column":19}},"28":{"start":{"line":203,"column":22},"end":{"line":203,"column":74}},"29":{"start":{"line":228,"column":0},"end":{"line":257,"column":3}},"30":{"start":{"line":229,"column":4},"end":{"line":256,"column":61}},"31":{"start":{"line":232,"column":12},"end":{"line":232,"column":67}},"32":{"start":{"line":234,"column":12},"end":{"line":251,"column":13}},"33":{"start":{"line":235,"column":16},"end":{"line":237,"column":19}},"34":{"start":{"line":240,"column":16},"end":{"line":245,"column":18}},"35":{"start":{"line":248,"column":16},"end":{"line":250,"column":19}},"36":{"start":{"line":256,"column":22},"end":{"line":256,"column":59}},"37":{"start":{"line":259,"column":0},"end":{"line":259,"column":24}}},"fnMap":{"0":{"name":"(anonymous_0)","decl":{"start":{"line":32,"column":22},"end":{"line":32,"column":23}},"loc":{"start":{"line":32,"column":36},"end":{"line":36,"column":1}},"line":32},"1":{"name":"(anonymous_1)","decl":{"start":{"line":34,"column":14},"end":{"line":34,"column":15}},"loc":{"start":{"line":34,"column":24},"end":{"line":34,"column":40}},"line":34},"2":{"name":"(anonymous_2)","decl":{"start":{"line":35,"column":15},"end":{"line":35,"column":16}},"loc":{"start":{"line":35,"column":22},"end":{"line":35,"column":59}},"line":35},"3":{"name":"(anonymous_3)","decl":{"start":{"line":63,"column":25},"end":{"line":63,"column":26}},"loc":{"start":{"line":63,"column":39},"end":{"line":67,"column":1}},"line":63},"4":{"name":"(anonymous_4)","decl":{"start":{"line":65,"column":14},"end":{"line":65,"column":15}},"loc":{"start":{"line":65,"column":23},"end":{"line":65,"column":50}},"line":65},"5":{"name":"(anonymous_5)","decl":{"start":{"line":66,"column":15},"end":{"line":66,"column":16}},"loc":{"start":{"line":66,"column":22},"end":{"line":66,"column":59}},"line":66},"6":{"name":"(anonymous_6)","decl":{"start":{"line":97,"column":58},"end":{"line":97,"column":59}},"loc":{"start":{"line":97,"column":72},"end":{"line":134,"column":1}},"line":97},"7":{"name":"(anonymous_7)","decl":{"start":{"line":102,"column":14},"end":{"line":102,"column":15}},"loc":{"start":{"line":102,"column":33},"end":{"line":131,"column":9}},"line":102},"8":{"name":"(anonymous_8)","decl":{"start":{"line":118,"column":22},"end":{"line":118,"column":23}},"loc":{"start":{"line":118,"column":28},"end":{"line":129,"column":18}},"line":118},"9":{"name":"(anonymous_9)","decl":{"start":{"line":130,"column":23},"end":{"line":130,"column":24}},"loc":{"start":{"line":130,"column":30},"end":{"line":130,"column":67}},"line":130},"10":{"name":"(anonymous_10)","decl":{"start":{"line":132,"column":15},"end":{"line":132,"column":16}},"loc":{"start":{"line":132,"column":22},"end":{"line":132,"column":59}},"line":132},"11":{"name":"(anonymous_11)","decl":{"start":{"line":173,"column":60},"end":{"line":173,"column":61}},"loc":{"start":{"line":173,"column":74},"end":{"line":205,"column":1}},"line":173},"12":{"name":"(anonymous_12)","decl":{"start":{"line":185,"column":14},"end":{"line":185,"column":15}},"loc":{"start":{"line":185,"column":28},"end":{"line":202,"column":9}},"line":185},"13":{"name":"(anonymous_13)","decl":{"start":{"line":203,"column":15},"end":{"line":203,"column":16}},"loc":{"start":{"line":203,"column":22},"end":{"line":203,"column":74}},"line":203},"14":{"name":"(anonymous_14)","decl":{"start":{"line":228,"column":28},"end":{"line":228,"column":29}},"loc":{"start":{"line":228,"column":42},"end":{"line":257,"column":1}},"line":228},"15":{"name":"(anonymous_15)","decl":{"start":{"line":230,"column":14},"end":{"line":230,"column":15}},"loc":{"start":{"line":230,"column":25},"end":{"line":255,"column":9}},"line":230},"16":{"name":"(anonymous_16)","decl":{"start":{"line":256,"column":15},"end":{"line":256,"column":16}},"loc":{"start":{"line":256,"column":22},"end":{"line":256,"column":59}},"line":256}},"branchMap":{"0":{"loc":{"start":{"line":106,"column":12},"end":{"line":108,"column":13}},"type":"if","locations":[{"start":{"line":106,"column":12},"end":{"line":108,"column":13}},{"start":{"line":106,"column":12},"end":{"line":108,"column":13}}],"line":106},"1":{"loc":{"start":{"line":234,"column":12},"end":{"line":251,"column":13}},"type":"if","locations":[{"start":{"line":234,"column":12},"end":{"line":251,"column":13}},{"start":{"line":234,"column":12},"end":{"line":251,"column":13}}],"line":234}},"s":{"0":4,"1":4,"2":4,"3":4,"4":4,"5":1,"6":1,"7":0,"8":4,"9":1,"10":1,"11":0,"12":4,"13":8,"14":8,"15":8,"16":1,"17":7,"18":7,"19":7,"20":7,"21":0,"22":0,"23":4,"24":1,"25":1,"26":1,"27":1,"28":0,"29":4,"30":2,"31":2,"32":2,"33":0,"34":0,"35":2,"36":0,"37":4},"f":{"0":1,"1":1,"2":0,"3":1,"4":1,"5":0,"6":8,"7":8,"8":7,"9":0,"10":0,"11":1,"12":1,"13":0,"14":2,"15":2,"16":0},"b":{"0":[1,7],"1":[0,2]},"_coverageSchema":"1a1c01bbd47fc00a2c39e90264f33305004495a9","hash":"48caba483d3bd2b2c1746dddd64abc353739bfac"}
}
