TN:
SF:src\app.js
FN:33,(anonymous_0)
FNF:1
FNH:0
FNDA:0,(anonymous_0)
DA:1,4
DA:2,4
DA:3,4
DA:4,4
DA:5,4
DA:6,4
DA:23,4
DA:25,4
DA:27,4
DA:28,4
DA:29,4
DA:30,4
DA:33,4
DA:34,0
DA:35,0
DA:38,4
LF:16
LH:14
BRF:0
BRH:0
end_of_record
TN:
SF:src\middleware\validator.js
FN:2,(anonymous_0)
FN:22,(anonymous_1)
FNF:2
FNH:2
FNDA:8,(anonymous_0)
FNDA:13,(anonymous_1)
DA:1,4
DA:2,4
DA:3,8
DA:22,4
DA:23,13
DA:24,13
DA:25,9
DA:27,4
DA:32,4
LF:9
LH:9
BRDA:24,0,0,9
BRDA:24,0,1,4
BRF:2
BRH:2
end_of_record
TN:
SF:src\models\owner.model.js
FNF:0
FNH:0
DA:34,4
DA:36,4
DA:44,4
DA:46,4
LF:4
LH:4
BRF:0
BRH:0
end_of_record
TN:
SF:src\routes\routes.js
FN:32,(anonymous_0)
FN:34,(anonymous_1)
FN:35,(anonymous_2)
FN:63,(anonymous_3)
FN:65,(anonymous_4)
FN:66,(anonymous_5)
FN:97,(anonymous_6)
FN:102,(anonymous_7)
FN:118,(anonymous_8)
FN:130,(anonymous_9)
FN:132,(anonymous_10)
FN:173,(anonymous_11)
FN:185,(anonymous_12)
FN:203,(anonymous_13)
FN:228,(anonymous_14)
FN:230,(anonymous_15)
FN:256,(anonymous_16)
FNF:17
FNH:11
FNDA:1,(anonymous_0)
FNDA:1,(anonymous_1)
FNDA:0,(anonymous_2)
FNDA:1,(anonymous_3)
FNDA:1,(anonymous_4)
FNDA:0,(anonymous_5)
FNDA:8,(anonymous_6)
FNDA:8,(anonymous_7)
FNDA:7,(anonymous_8)
FNDA:0,(anonymous_9)
FNDA:0,(anonymous_10)
FNDA:1,(anonymous_11)
FNDA:1,(anonymous_12)
FNDA:0,(anonymous_13)
FNDA:2,(anonymous_14)
FNDA:2,(anonymous_15)
FNDA:0,(anonymous_16)
DA:1,4
DA:2,4
DA:3,4
DA:4,4
DA:32,4
DA:33,1
DA:34,1
DA:35,0
DA:63,4
DA:64,1
DA:65,1
DA:66,0
DA:97,4
DA:101,8
DA:104,8
DA:106,8
DA:107,1
DA:110,7
DA:117,7
DA:121,7
DA:125,7
DA:130,0
DA:132,0
DA:173,4
DA:175,1
DA:184,1
DA:189,1
DA:194,1
DA:203,0
DA:228,4
DA:229,2
DA:232,2
DA:234,2
DA:235,0
DA:240,0
DA:248,2
DA:256,0
DA:259,4
LF:38
LH:30
BRDA:106,0,0,1
BRDA:106,0,1,7
BRDA:234,1,0,0
BRDA:234,1,1,2
BRF:4
BRH:3
end_of_record
