TN:
SF:src\app.js
FN:33,(anonymous_0)
FNF:1
FNH:0
FNDA:0,(anonymous_0)
DA:1,3
DA:2,3
DA:3,3
DA:4,3
DA:5,3
DA:6,3
DA:23,3
DA:25,3
DA:27,3
DA:28,3
DA:29,3
DA:30,3
DA:33,3
DA:34,0
DA:35,0
DA:38,3
LF:16
LH:14
BRF:0
BRH:0
end_of_record
TN:
SF:src\middleware\validator.js
FN:2,(anonymous_0)
FN:22,(anonymous_1)
FNF:2
FNH:2
FNDA:6,(anonymous_0)
FNDA:5,(anonymous_1)
DA:1,3
DA:2,3
DA:3,6
DA:22,3
DA:23,5
DA:24,5
DA:25,3
DA:27,2
DA:32,3
LF:9
LH:9
BRDA:24,0,0,3
BRDA:24,0,1,2
BRF:2
BRH:2
end_of_record
TN:
SF:src\models\owner.model.js
FNF:0
FNH:0
DA:34,3
DA:36,3
DA:44,3
DA:46,3
LF:4
LH:4
BRF:0
BRH:0
end_of_record
TN:
SF:src\routes\routes.js
FN:32,(anonymous_0)
FN:34,(anonymous_1)
FN:35,(anonymous_2)
FN:63,(anonymous_3)
FN:65,(anonymous_4)
FN:66,(anonymous_5)
FN:97,(anonymous_6)
FN:102,(anonymous_7)
FN:118,(anonymous_8)
FN:130,(anonymous_9)
FN:132,(anonymous_10)
FN:173,(anonymous_11)
FN:185,(anonymous_12)
FN:203,(anonymous_13)
FN:228,(anonymous_14)
FN:230,(anonymous_15)
FN:240,(anonymous_16)
FN:242,(anonymous_17)
FNF:18
FNH:7
FNDA:1,(anonymous_0)
FNDA:1,(anonymous_1)
FNDA:0,(anonymous_2)
FNDA:0,(anonymous_3)
FNDA:0,(anonymous_4)
FNDA:0,(anonymous_5)
FNDA:2,(anonymous_6)
FNDA:2,(anonymous_7)
FNDA:1,(anonymous_8)
FNDA:0,(anonymous_9)
FNDA:0,(anonymous_10)
FNDA:1,(anonymous_11)
FNDA:1,(anonymous_12)
FNDA:0,(anonymous_13)
FNDA:0,(anonymous_14)
FNDA:0,(anonymous_15)
FNDA:0,(anonymous_16)
FNDA:0,(anonymous_17)
DA:1,3
DA:2,3
DA:3,3
DA:4,3
DA:32,3
DA:33,1
DA:34,1
DA:35,0
DA:63,3
DA:64,0
DA:65,0
DA:66,0
DA:97,3
DA:101,2
DA:106,2
DA:107,1
DA:110,1
DA:117,1
DA:125,1
DA:130,0
DA:132,0
DA:173,3
DA:175,1
DA:184,1
DA:194,1
DA:203,0
DA:228,3
DA:229,0
DA:231,0
DA:234,0
DA:240,0
DA:242,0
DA:245,3
LF:33
LH:21
BRDA:106,0,0,1
BRDA:106,0,1,1
BRF:2
BRH:2
end_of_record
