{"D:\\0009 AIT\\MASE\\Thesis Project\\adopt-pet\\adoptions\\src\\app.js": {"path":"D:\\0009 AIT\\MASE\\Thesis Project\\adopt-pet\\adoptions\\src\\app.js","statementMap":{"0":{"start":{"line":1,"column":16},"end":{"line":1,"column":34}},"1":{"start":{"line":2,"column":13},"end":{"line":2,"column":28}},"2":{"start":{"line":3,"column":23},"end":{"line":3,"column":52}},"3":{"start":{"line":5,"column":21},"end":{"line":5,"column":45}},"4":{"start":{"line":6,"column":18},"end":{"line":6,"column":47}},"5":{"start":{"line":7,"column":23},"end":{"line":22,"column":1}},"6":{"start":{"line":24,"column":20},"end":{"line":24,"column":48}},"7":{"start":{"line":26,"column":12},"end":{"line":26,"column":21}},"8":{"start":{"line":28,"column":0},"end":{"line":28,"column":16}},"9":{"start":{"line":29,"column":0},"end":{"line":29,"column":24}},"10":{"start":{"line":30,"column":0},"end":{"line":30,"column":38}},"11":{"start":{"line":32,"column":0},"end":{"line":32,"column":92}},"12":{"start":{"line":35,"column":0},"end":{"line":38,"column":3}},"13":{"start":{"line":37,"column":4},"end":{"line":37,"column":17}},"14":{"start":{"line":40,"column":0},"end":{"line":40,"column":21}}},"fnMap":{"0":{"name":"(anonymous_0)","decl":{"start":{"line":35,"column":20},"end":{"line":35,"column":21}},"loc":{"start":{"line":35,"column":34},"end":{"line":38,"column":1}},"line":35}},"branchMap":{},"s":{"0":2,"1":2,"2":2,"3":2,"4":2,"5":2,"6":2,"7":2,"8":2,"9":2,"10":2,"11":2,"12":2,"13":0,"14":2},"f":{"0":0},"b":{},"_coverageSchema":"1a1c01bbd47fc00a2c39e90264f33305004495a9","hash":"4cb037aa50b7bf4d796a97d5bab3787f9a82294b"}
,"D:\\0009 AIT\\MASE\\Thesis Project\\adopt-pet\\adoptions\\src\\middleware\\validator.js": {"path":"D:\\0009 AIT\\MASE\\Thesis Project\\adopt-pet\\adoptions\\src\\middleware\\validator.js","statementMap":{"0":{"start":{"line":1,"column":35},"end":{"line":1,"column":63}},"1":{"start":{"line":2,"column":32},"end":{"line":17,"column":1}},"2":{"start":{"line":3,"column":2},"end":{"line":16,"column":3}},"3":{"start":{"line":19,"column":17},"end":{"line":27,"column":1}},"4":{"start":{"line":20,"column":17},"end":{"line":20,"column":38}},"5":{"start":{"line":21,"column":2},"end":{"line":23,"column":3}},"6":{"start":{"line":22,"column":6},"end":{"line":22,"column":20}},"7":{"start":{"line":24,"column":2},"end":{"line":26,"column":5}},"8":{"start":{"line":29,"column":0},"end":{"line":32,"column":1}}},"fnMap":{"0":{"name":"(anonymous_0)","decl":{"start":{"line":2,"column":32},"end":{"line":2,"column":33}},"loc":{"start":{"line":2,"column":38},"end":{"line":17,"column":1}},"line":2},"1":{"name":"(anonymous_1)","decl":{"start":{"line":19,"column":17},"end":{"line":19,"column":18}},"loc":{"start":{"line":19,"column":37},"end":{"line":27,"column":1}},"line":19}},"branchMap":{"0":{"loc":{"start":{"line":21,"column":2},"end":{"line":23,"column":3}},"type":"if","locations":[{"start":{"line":21,"column":2},"end":{"line":23,"column":3}},{"start":{"line":21,"column":2},"end":{"line":23,"column":3}}],"line":21}},"s":{"0":2,"1":2,"2":2,"3":2,"4":4,"5":4,"6":2,"7":2,"8":2},"f":{"0":2,"1":4},"b":{"0":[2,2]},"_coverageSchema":"1a1c01bbd47fc00a2c39e90264f33305004495a9","hash":"58e1ce68c6e81128bda1e90b48653b2fa0fd171e"}
,"D:\\0009 AIT\\MASE\\Thesis Project\\adopt-pet\\adoptions\\src\\models\\adoption.model.js": {"path":"D:\\0009 AIT\\MASE\\Thesis Project\\adopt-pet\\adoptions\\src\\models\\adoption.model.js","statementMap":{"0":{"start":{"line":61,"column":17},"end":{"line":61,"column":36}},"1":{"start":{"line":63,"column":23},"end":{"line":86,"column":2}},"2":{"start":{"line":88,"column":17},"end":{"line":88,"column":59}},"3":{"start":{"line":90,"column":0},"end":{"line":90,"column":26}}},"fnMap":{},"branchMap":{},"s":{"0":2,"1":2,"2":2,"3":2},"f":{},"b":{},"_coverageSchema":"1a1c01bbd47fc00a2c39e90264f33305004495a9","hash":"b6d4f56670c8240b7d887271d6026fa627c5d496"}
,"D:\\0009 AIT\\MASE\\Thesis Project\\adopt-pet\\adoptions\\src\\routes\\routes.js": {"path":"D:\\0009 AIT\\MASE\\Thesis Project\\adopt-pet\\adoptions\\src\\routes\\routes.js","statementMap":{"0":{"start":{"line":1,"column":14},"end":{"line":1,"column":30}},"1":{"start":{"line":2,"column":24},"end":{"line":2,"column":41}},"2":{"start":{"line":3,"column":15},"end":{"line":3,"column":42}},"3":{"start":{"line":4,"column":15},"end":{"line":4,"column":50}},"4":{"start":{"line":5,"column":46},"end":{"line":5,"column":83}},"5":{"start":{"line":29,"column":0},"end":{"line":33,"column":3}},"6":{"start":{"line":30,"column":4},"end":{"line":32,"column":61}},"7":{"start":{"line":31,"column":27},"end":{"line":31,"column":58}},"8":{"start":{"line":32,"column":22},"end":{"line":32,"column":59}},"9":{"start":{"line":62,"column":0},"end":{"line":73,"column":3}},"10":{"start":{"line":63,"column":4},"end":{"line":72,"column":61}},"11":{"start":{"line":65,"column":12},"end":{"line":70,"column":13}},"12":{"start":{"line":66,"column":16},"end":{"line":66,"column":47}},"13":{"start":{"line":69,"column":16},"end":{"line":69,"column":59}},"14":{"start":{"line":72,"column":22},"end":{"line":72,"column":59}},"15":{"start":{"line":101,"column":0},"end":{"line":127,"column":3}},"16":{"start":{"line":103,"column":24},"end":{"line":111,"column":6}},"17":{"start":{"line":112,"column":4},"end":{"line":125,"column":61}},"18":{"start":{"line":120,"column":12},"end":{"line":123,"column":15}},"19":{"start":{"line":125,"column":22},"end":{"line":125,"column":59}},"20":{"start":{"line":130,"column":0},"end":{"line":130,"column":24}}},"fnMap":{"0":{"name":"(anonymous_0)","decl":{"start":{"line":29,"column":22},"end":{"line":29,"column":23}},"loc":{"start":{"line":29,"column":36},"end":{"line":33,"column":1}},"line":29},"1":{"name":"(anonymous_1)","decl":{"start":{"line":31,"column":14},"end":{"line":31,"column":15}},"loc":{"start":{"line":31,"column":27},"end":{"line":31,"column":58}},"line":31},"2":{"name":"(anonymous_2)","decl":{"start":{"line":32,"column":15},"end":{"line":32,"column":16}},"loc":{"start":{"line":32,"column":22},"end":{"line":32,"column":59}},"line":32},"3":{"name":"(anonymous_3)","decl":{"start":{"line":62,"column":34},"end":{"line":62,"column":35}},"loc":{"start":{"line":62,"column":48},"end":{"line":73,"column":1}},"line":62},"4":{"name":"(anonymous_4)","decl":{"start":{"line":64,"column":14},"end":{"line":64,"column":15}},"loc":{"start":{"line":64,"column":26},"end":{"line":71,"column":9}},"line":64},"5":{"name":"(anonymous_5)","decl":{"start":{"line":72,"column":15},"end":{"line":72,"column":16}},"loc":{"start":{"line":72,"column":22},"end":{"line":72,"column":59}},"line":72},"6":{"name":"(anonymous_6)","decl":{"start":{"line":101,"column":61},"end":{"line":101,"column":62}},"loc":{"start":{"line":101,"column":75},"end":{"line":127,"column":1}},"line":101},"7":{"name":"(anonymous_7)","decl":{"start":{"line":113,"column":14},"end":{"line":113,"column":15}},"loc":{"start":{"line":113,"column":20},"end":{"line":124,"column":10}},"line":113},"8":{"name":"(anonymous_8)","decl":{"start":{"line":125,"column":15},"end":{"line":125,"column":16}},"loc":{"start":{"line":125,"column":22},"end":{"line":125,"column":59}},"line":125}},"branchMap":{"0":{"loc":{"start":{"line":65,"column":12},"end":{"line":70,"column":13}},"type":"if","locations":[{"start":{"line":65,"column":12},"end":{"line":70,"column":13}},{"start":{"line":65,"column":12},"end":{"line":70,"column":13}}],"line":65}},"s":{"0":2,"1":2,"2":2,"3":2,"4":2,"5":2,"6":1,"7":1,"8":0,"9":2,"10":3,"11":2,"12":0,"13":2,"14":1,"15":2,"16":2,"17":2,"18":2,"19":0,"20":2},"f":{"0":1,"1":1,"2":0,"3":3,"4":2,"5":1,"6":2,"7":2,"8":0},"b":{"0":[0,2]},"_coverageSchema":"1a1c01bbd47fc00a2c39e90264f33305004495a9","hash":"34b6e194a234419ec94cd95f4d6b69dc4cf10228"}
}
