TN:
SF:src\app.js
FN:35,(anonymous_0)
FNF:1
FNH:0
FNDA:0,(anonymous_0)
DA:1,2
DA:2,2
DA:3,2
DA:5,2
DA:6,2
DA:7,2
DA:24,2
DA:26,2
DA:28,2
DA:29,2
DA:30,2
DA:32,2
DA:35,2
DA:37,0
DA:40,2
LF:15
LH:14
BRF:0
BRH:0
end_of_record
TN:
SF:src\middleware\validator.js
FN:2,(anonymous_0)
FN:19,(anonymous_1)
FNF:2
FNH:2
FNDA:2,(anonymous_0)
FNDA:4,(anonymous_1)
DA:1,2
DA:2,2
DA:3,2
DA:19,2
DA:20,4
DA:21,4
DA:22,2
DA:24,2
DA:29,2
LF:9
LH:9
BRDA:21,0,0,2
BRDA:21,0,1,2
BRF:2
BRH:2
end_of_record
TN:
SF:src\models\adoption.model.js
FNF:0
FNH:0
DA:61,2
DA:63,2
DA:88,2
DA:90,2
LF:4
LH:4
BRF:0
BRH:0
end_of_record
TN:
SF:src\routes\routes.js
FN:29,(anonymous_0)
FN:31,(anonymous_1)
FN:32,(anonymous_2)
FN:62,(anonymous_3)
FN:64,(anonymous_4)
FN:72,(anonymous_5)
FN:101,(anonymous_6)
FN:113,(anonymous_7)
FN:125,(anonymous_8)
FNF:9
FNH:7
FNDA:1,(anonymous_0)
FNDA:1,(anonymous_1)
FNDA:0,(anonymous_2)
FNDA:3,(anonymous_3)
FNDA:2,(anonymous_4)
FNDA:1,(anonymous_5)
FNDA:2,(anonymous_6)
FNDA:2,(anonymous_7)
FNDA:0,(anonymous_8)
DA:1,2
DA:2,2
DA:3,2
DA:4,2
DA:5,2
DA:29,2
DA:30,1
DA:31,1
DA:32,0
DA:62,2
DA:63,3
DA:65,2
DA:66,0
DA:69,2
DA:72,1
DA:101,2
DA:103,2
DA:112,2
DA:120,2
DA:125,0
DA:130,2
LF:21
LH:18
BRDA:65,0,0,0
BRDA:65,0,1,2
BRF:2
BRH:1
end_of_record
